Fri May 29 10:28:01 CST 2026
检查优化相关环境变量：---->
USE_YULING_RULE=1
USE_VOWEL=1
USE_YAOLING_RULE=1
<--------------------------
GIT version: moling-v3.1-23-gc7c90df
On branch moling
Your branch is up to date with 'origin/moling'.

Changes not staged for commit:
  (use "git add <file>..." to update what will be committed)
  (use "git restore <file>..." to discard changes in working directory)
	modified:   config.toml
	modified:   input-division.txt
	modified:   input-fixed.txt
	modified:   key_distribution.txt
	modified:   roots-cluster.txt
	modified:   roots.txt

Untracked files:
  (use "git add <file>..." to include in what will be committed)
	optimize-20260529-102800.log
	yuling-generate-root-chart.sh
	"\345\256\207\346\265\251\345\255\227\346\240\271\345\210\227\350\241\250.csv"

no changes added to commit (use "git add" and/or "git commit -a")

+ ./prepare-inputs.sh
(0) 生成简繁混合字频表 full-freq.txt ，繁体字频权重=0.1 ...
(1) 从 yuhao_charsets.lua 生成简繁常用字符集 chars.txt ...
(2) 从字频表 full-freq.txt 生成简繁常用字符集的字频表 freq.txt ...
    WARN: 951 个字符没有权重!
(3) 从宇浩星陈方案的大陆字形拆分表 yustar_chaifen.dict.yaml 生成简繁常用字符集的拆分表 chaifen.txt 和 chaifen-all.txt ...
(4) 从 chaifen-all.txt 生成字根频率表 roots-freq.txt ...
(5) 从万象拼音词典 chars.dict.yaml 生成字根读音 roots-pinyin.txt ...
(6) 从 roots-pinyin.txt 修正并生成字根声码韵码表 roots.txt ...
    !!! 已存在 roots.txt，跳过生成，直接使用它（如果需要重新初始化，请先删除它）...
(7) 分析首根冲突情况，为选择飞键字根提供参考，写入 roots-fly-candidates.txt ...
(8) 生成码灵输入文件 input-fixed.txt, 大码约束 ...
(9) 添加码灵输入文件 input-fixed.txt, 声码和韵码约束 ...
(10) 添加码灵输入文件 input-fixed.txt, 飞键约束 ...
(11) 生成空的 input-roots.txt, 所有字根已定义于 input-fixed.txt ...
(12) 生成码灵输入文件 input-division.txt ...
+ ../target/release/code_genie optimize
✅ 已加载配置文件: config.toml
=== CodeGenie 码灵算法优化器 v10 ===
线程数: 8, 总步数: 500000000
初始温度: 100, 结束温度: 0.00000001
全局允许键位: qwertyuiopasdfghjklxcvbnm
全码权重: 重码数=0.09, 重码率=0.48, 当量=0.39, CV=0.01, 分布=0.03
简码优化: 关闭 (全码占比=60%, 简码占比=40%)
用指分布输出顺序: qwertyuiopasdfghjklzxcvbnm
输出目录: output-20260529-102807

数据加载完毕:
  - 固定字根(单键): 158
  - 受限字根组(多键): 246 组
  - 动态字根组: 246 组 (共 789 字根)
  - 汉字数量: 11177
  - 总字频: 1031997198
  - 最大码长: 4

🔍 正在校验字根定义...
✅ 校验通过

📐 正在进行初始尺度校准...
  初始状态观测:
    重码数: 384,  重码率: 0.005241
    当量: 0.2904,  CV: 0.9045
  校准尺度 (Scale):
    CollisionCount: 0.002604
    CollisionRate:  190.809571
    Equivalence:    3.443709

  - 编码基数: 32
  - 编码空间: 1048576

🚀 开始优化...
   [Init T0] 候选 1/50 策略=均衡贪心 → 预热后得分: 0.5815 ✓
   [Init T0] 候选 2/50 策略=频率贪心 → 预热后得分: 0.5678 ✓
   [Init T0] 候选 8/50 策略=频率贪心 → 预热后得分: 0.5613 ✓
   [Init T0] 候选 23/50 策略=频率贪心 → 预热后得分: 0.5532 ✓
   [Init T0] 候选 36/50 策略=均衡贪心 → 预热后得分: 0.5513 ✓
   [Init T0] 候选 42/50 策略=频率贪心 → 预热后得分: 0.5452 ✓
   [Init T0] 坐标下降: 0.5452 → 0.4562
   [T0] 初始化完成 | 得分: 0.4562 | 重码: 547 重码率: 0.0752% 当量: 0.1590
   🌡️ 降温曲线预览:
   舒适温度: 0.400000 (进度 24.0% 处)
   舒适区宽度: 0.15, 减速深度: 70%
   ┌──────────────────────────────────────────────────────
   │  0% T=1.00e2 │██████████████████████████████████████████████████
   │  5% T=3.18e1 │███████████████████████████████████████████████
   │ 10% T=1.24e1 │█████████████████████████████████████████████
   │ 15% T=5.93e0 │███████████████████████████████████████████
   │ 20% T=3.39e0 │██████████████████████████████████████████
   │ 25% T=2.12e0 │█████████████████████████████████████████ ◄ 舒适区
   │ 30% T=1.29e0 │████████████████████████████████████████
   │ 35% T=6.95e-1 │███████████████████████████████████████
   │ 40% T=3.06e-1 │█████████████████████████████████████
   │ 45% T=1.09e-1 │███████████████████████████████████
   │ 50% T=3.24e-2 │████████████████████████████████
   │ 55% T=8.36e-3 │█████████████████████████████
   │ 60% T=1.98e-3 │██████████████████████████
   │ 65% T=4.44e-4 │███████████████████████
   │ 70% T=9.76e-5 │███████████████████
   │ 75% T=2.12e-5 │████████████████
   │ 80% T=4.59e-6 │█████████████
   │ 85% T=9.92e-7 │█████████
   │ 90% T=2.14e-7 │██████
   │ 95% T=4.63e-8 │███
   │100% T=1.00e-8 │
   └──────────────────────────────────────────────────────
   [T0] 进度: 5% | 67.6 万步/分钟 | 基温: 31.797066 | 重码=1999 重码率=4.1335% 当量=0.2537 | 当前: 4.6612 🏆最优: 0.4562
   [T0] 步数 50000000 | 67.2 万步/分钟: Reheat ×1.0 (基温 12.356160)
   [T0] 进度: 10% | 67.2 万步/分钟 | 基温: 12.356160 | 重码=1831 重码率=2.7119% 当量=0.2890 | 当前: 3.3616 🏆最优: 0.4562
   [T0] 进度: 15% | 66.8 万步/分钟 | 基温: 5.933302 | 重码=2176 重码率=3.5251% 当量=0.3246 | 当前: 4.3023 🏆最优: 0.4562
   [T0] 进度: 20% | 66.5 万步/分钟 | 基温: 3.392728 | 重码=2829 重码率=4.2365% 当量=0.3340 | 当前: 5.0591 🏆最优: 0.4562
   [T0] 步数 100000001 | 66.5 万步/分钟: Reheat ×1.0 (基温 3.392728)
   [T0] 进度: 25% | 66.2 万步/分钟 | 基温: 2.120855 | 重码=2345 重码率=3.7198% 当量=0.3170 | 当前: 4.4927 🏆最优: 0.4562
   [T0] 进度: 30% | 65.8 万步/分钟 | 基温: 1.294832 | 重码=2033 重码率=2.9326% 当量=0.2519 | 当前: 3.5763 🏆最优: 0.4562
   [T0] 步数 150000002 | 65.8 万步/分钟: Reheat ×1.0 (基温 1.294832)
   [T0] 进度: 35% | 65.4 万步/分钟 | 基温: 0.694849 | 重码=2027 重码率=3.0612% 当量=0.3373 | 当前: 3.7863 🏆最优: 0.4562
   [T0] 进度: 40% | 64.9 万步/分钟 | 基温: 0.306489 | 重码=2092 重码率=2.6494% 当量=0.2916 | 当前: 3.3655 🏆最优: 0.4562
   [T0] 步数 200000003 | 64.9 万步/分钟: Reheat ×1.0 (基温 0.306489)
   [T0] 进度: 45% | 64.1 万步/分钟 | 基温: 0.109338 | 重码=1892 重码率=2.1975% 当量=0.3371 | 当前: 3.0037 🏆最优: 0.4562
   [T0] 进度: 50% | 62.9 万步/分钟 | 基温: 0.032389 | 重码=1480 重码率=1.0718% 当量=0.2796 | 当前: 1.7611 🏆最优: 0.4562
   [T0] 步数 250000004 | 62.9 万步/分钟: Reheat ×1.0 (基温 0.032389)
   [T0] 进度: 55% | 61.0 万步/分钟 | 基温: 0.008360 | 重码=1172 重码率=0.4957% 当量=0.2321 | 当前: 1.0871 🏆最优: 0.4562
   [T0] 进度: 60% | 59.0 万步/分钟 | 基温: 0.001976 | 重码=824 重码率=0.1357% 当量=0.1608 | 当前: 0.5816 🏆最优: 0.4562
   [T0] 步数 300000005 | 59.0 万步/分钟: Reheat ×1.0 (基温 0.001976)
   [T0] 进度: 65% | 56.8 万步/分钟 | 基温: 0.000444 | 重码=518 重码率=0.0429% 当量=0.1099 | 当前: 0.3370 🏆最优: 0.3197
   [T0] 进度: 70% | 55.0 万步/分钟 | 基温: 0.000098 | 重码=414 重码率=0.0292% 当量=0.1019 | 当前: 0.2900 🏆最优: 0.2887
   [T0] 进度: 75% | 53.3 万步/分钟 | 基温: 0.000021 | 重码=411 重码率=0.0292% 当量=0.1008 | 当前: 0.2879 🏆最优: 0.2878
   [T0] 进度: 80% | 52.0 万步/分钟 | 基温: 0.000005 | 重码=411 重码率=0.0292% 当量=0.1008 | 当前: 0.2879 🏆最优: 0.2878
   [T0] 进度: 85% | 50.8 万步/分钟 | 基温: 0.000001 | 重码=411 重码率=0.0293% 当量=0.1007 | 当前: 0.2878 🏆最优: 0.2878
   [T0] 步数 433394816 | 50.4 万步/分钟: Reheat ×1.0 (基温 0.000001)
   [T0] 进度: 90% | 49.9 万步/分钟 | 基温: 0.000000 | 重码=411 重码率=0.0293% 当量=0.1007 | 当前: 0.2878 🏆最优: 0.2878
   [T0] 进度: 95% | 49.1 万步/分钟 | 基温: 0.000000 | 重码=411 重码率=0.0293% 当量=0.1007 | 当前: 0.2878 🏆最优: 0.2878
   [T0] SA 完成，执行最终精炼...
   [T0] 最终爬山改进 → 得分: 0.2878
   [T0] 最终得分: 0.2878 重码: 411

=================================
🏆 最优结果 (线程 6):
   综合得分: 0.2846
   「全码」重码数: 399
   「全码」重码率: 0.032090%
   「全码」加权键均当量: 0.1030
   「全码」当量变异系数(CV): 1.5268
   「全码」用指分布偏差(L2): 6.4439
⏱️ 总耗时: 61910.9138005s
=================================

📁 保存所有线程结果...
结果已保存至 output-20260529-102807/output-keymap.txt, output-encode.txt, output-simple-codes.txt, output-combined.txt 等

所有结果已保存至 output-20260529-102807/
  - summary.txt              汇总排名
  - output-*.txt             全局最优结果
  - output-simple-codes.txt  简码分配
  - thread-XX/               各线程结果

real	1031m51.576s
user	8157m35.343s
sys	2m25.406s
+ set +x
Sat May 30 03:39:58 CST 2026
